2025-07-06 22:39:59 [INFO] Deleted: O:\blissful-jasper.github.io-main\blissful-jasper.github.io\.auto-cleanup.log
2025-07-06 22:40:00 [INFO] Deleted: O:\blissful-jasper.github.io-main\blissful-jasper.github.io\_site\blog
2025-07-06 22:40:00 [INFO] Deleted: O:\blissful-jasper.github.io-main\blissful-jasper.github.io\_site\assets
2025-07-06 22:40:00 [INFO] Deleted: O:\blissful-jasper.github.io-main\blissful-jasper.github.io\_site\cv
2025-07-06 22:40:00 [INFO] Deleted: O:\blissful-jasper.github.io-main\blissful-jasper.github.io\_site\favicon_logosc
2025-07-06 22:40:00 [INFO] Deleted: O:\blissful-jasper.github.io-main\blissful-jasper.github.io\_site\links
2025-07-06 22:40:01 [INFO] Deleted: O:\blissful-jasper.github.io-main\blissful-jasper.github.io\_site\maps
2025-07-06 22:40:01 [INFO] Deleted: O:\blissful-jasper.github.io-main\blissful-jasper.github.io\_site\pictures
2025-07-06 22:40:01 [INFO] Deleted: O:\blissful-jasper.github.io-main\blissful-jasper.github.io\_site\publications
2025-07-06 22:40:01 [INFO] Deleted: O:\blissful-jasper.github.io-main\blissful-jasper.github.io\_site\research
2025-07-06 22:40:01 [INFO] Deleted: O:\blissful-jasper.github.io-main\blissful-jasper.github.io\_site\scripts
2025-07-06 22:40:01 [INFO] Deleted: O:\blissful-jasper.github.io-main\blissful-jasper.github.io\_site\技术
2025-07-06 22:40:01 [INFO] Deleted: O:\blissful-jasper.github.io-main\blissful-jasper.github.io\_site\科研
2025-07-06 22:40:01 [INFO] Deleted: O:\blissful-jasper.github.io-main\blissful-jasper.github.io\_site\杂谈
2025-07-06 22:40:01 [INFO] Deleted: O:\blissful-jasper.github.io-main\blissful-jasper.github.io\_site\about.html
2025-07-06 22:40:01 [INFO] Deleted: O:\blissful-jasper.github.io-main\blissful-jasper.github.io\_site\blog-list.html
2025-07-06 22:40:01 [INFO] Deleted: O:\blissful-jasper.github.io-main\blissful-jasper.github.io\_site\blog-post-dynamic.html
2025-07-06 22:40:01 [INFO] Deleted: O:\blissful-jasper.github.io-main\blissful-jasper.github.io\_site\blog-post-simple.html
2025-07-06 22:40:01 [INFO] Deleted: O:\blissful-jasper.github.io-main\blissful-jasper.github.io\_site\blog-post.html
2025-07-06 22:40:01 [INFO] Deleted: O:\blissful-jasper.github.io-main\blissful-jasper.github.io\_site\blog.html
2025-07-06 22:40:01 [INFO] Deleted: O:\blissful-jasper.github.io-main\blissful-jasper.github.io\_site\contact.html
2025-07-06 22:40:01 [INFO] Deleted: O:\blissful-jasper.github.io-main\blissful-jasper.github.io\_site\gallery.html
2025-07-06 22:40:01 [INFO] Deleted: O:\blissful-jasper.github.io-main\blissful-jasper.github.io\_site\index.html
2025-07-06 22:40:01 [INFO] Deleted: O:\blissful-jasper.github.io-main\blissful-jasper.github.io\_site\journals-subscription.html
2025-07-06 22:40:01 [INFO] Deleted: O:\blissful-jasper.github.io-main\blissful-jasper.github.io\_site\journals.html
2025-07-06 22:40:01 [INFO] Deleted: O:\blissful-jasper.github.io-main\blissful-jasper.github.io\_site\links.html
2025-07-06 22:40:01 [INFO] Deleted: O:\blissful-jasper.github.io-main\blissful-jasper.github.io\_site\maps.html
2025-07-06 22:40:01 [INFO] Deleted: O:\blissful-jasper.github.io-main\blissful-jasper.github.io\_site\publications.html
2025-07-06 22:40:01 [INFO] Deleted: O:\blissful-jasper.github.io-main\blissful-jasper.github.io\_site\research.html
2025-07-06 22:40:01 [INFO] Deleted: O:\blissful-jasper.github.io-main\blissful-jasper.github.io\_site\redirects.json
2025-07-06 22:40:01 [INFO] Deleted: O:\blissful-jasper.github.io-main\blissful-jasper.github.io\_site\sitemap.xml
2025-07-06 22:40:01 [INFO] Deleted: O:\blissful-jasper.github.io-main\blissful-jasper.github.io\_site\robots.txt
2025-07-06 22:40:01 [INFO] Deleted: O:\blissful-jasper.github.io-main\blissful-jasper.github.io\_site\feed.xml
2025-07-06 22:40:01 [INFO] Deleted: O:\blissful-jasper.github.io-main\blissful-jasper.github.io\_site\LICENSE
2025-07-06 22:40:01 [INFO] Deleted: O:\blissful-jasper.github.io-main\blissful-jasper.github.io\_site\favicon.ico
2025-07-06 22:40:01 [INFO] Deleted: O:\blissful-jasper.github.io-main\blissful-jasper.github.io\_site\favicon.png
2025-07-06 22:40:01 [INFO] Deleted: O:\blissful-jasper.github.io-main\blissful-jasper.github.io\_site\package.json
2025-07-06 22:40:01 [INFO] Deleted: O:\blissful-jasper.github.io-main\blissful-jasper.github.io\_site\start-debug-server.bat
2025-07-06 22:40:01 [INFO] Deleted: O:\blissful-jasper.github.io-main\blissful-jasper.github.io\_site\start-jekyll.bat
2025-07-06 22:40:01 [INFO] Deleted: O:\blissful-jasper.github.io-main\blissful-jasper.github.io\_site\about.md
2025-07-06 22:40:01 [INFO] Deleted: O:\blissful-jasper.github.io-main\blissful-jasper.github.io\_site\contact.md
2025-07-06 22:40:01 [INFO] Deleted: O:\blissful-jasper.github.io-main\blissful-jasper.github.io\_site\publications.md
2025-07-06 22:40:01 [INFO] Deleted: O:\blissful-jasper.github.io-main\blissful-jasper.github.io\_site\research.md
2025-07-06 22:40:01 [INFO] Deleted: O:\blissful-jasper.github.io-main\blissful-jasper.github.io\_site\FILE_CLASSIFICATION_SUMMARY.md
2025-07-06 22:40:01 [INFO] Deleted: O:\blissful-jasper.github.io-main\blissful-jasper.github.io\_site\PROJECT_CLEANUP_COMPLETE.md
2025-07-06 22:40:01 [INFO] Deleted: O:\blissful-jasper.github.io-main\blissful-jasper.github.io\_site\PROJECT_CLEANUP_PLAN.md
2025-07-06 22:40:01 [INFO] Deleted: O:\blissful-jasper.github.io-main\blissful-jasper.github.io\_site\GITHUB_PAGES_FIX_SUMMARY.md
2025-07-06 22:40:01 [INFO] Deleted: O:\blissful-jasper.github.io-main\blissful-jasper.github.io\_site\fix-github-pages.ps1
2025-07-06 22:40:01 [INFO] Deleted: O:\blissful-jasper.github.io-main\blissful-jasper.github.io\_site\fix-github-pages.sh
2025-07-06 22:40:01 [INFO] Deleted: O:\blissful-jasper.github.io-main\blissful-jasper.github.io\_site\cleanup.sh
2025-07-06 22:40:01 [INFO] Deleted: O:\blissful-jasper.github.io-main\blissful-jasper.github.io\_site\cleanup.bat
2025-07-06 22:40:01 [INFO] Deleted: O:\blissful-jasper.github.io-main\blissful-jasper.github.io\_site\cleanup.ps1
2025-07-06 22:40:01 [INFO] Deleted: O:\blissful-jasper.github.io-main\blissful-jasper.github.io\_site\AUTO_CLEANUP_DEPLOYMENT_COMPLETE.md
2025-07-06 22:40:02 [INFO] Deleted: O:\blissful-jasper.github.io-main\blissful-jasper.github.io\.jekyll-cache\Jekyll
2025-07-06 22:40:02 [SUCCESS] Cleanup completed: Deleted 54 files/directories
